<?xml version="1.0" encoding="UTF-8" ?>
<testsuite failures="0" time="0.569" errors="1" skipped="0" tests="1" name="org.wiperdog.test.TestQuartzJob">
  <properties>
[...]
</properties>
  <testcase time="0.002" classname="org.wiperdog.test.TestQuartzJob" name="initializationError">
    <error type="java.lang.reflect.InvocationTargetException">java.lang.reflect.InvocationTargetException
	at sun.reflect.NativeMethodAccessorImpl.invoke0(Native Method)
	at sun.reflect.NativeMethodAccessorImpl.invoke(NativeMethodAccessorImpl.java:39)
	at sun.reflect.DelegatingMethodAccessorImpl.invoke(DelegatingMethodAccessorImpl.java:25)
	at java.lang.reflect.Method.invoke(Method.java:597)
	at org.ops4j.pax.exam.spi.reactors.ReactorManager.addConfigurationsToReactor(ReactorManager.java:238)
	at org.ops4j.pax.exam.spi.reactors.ReactorManager.prepareReactor(ReactorManager.java:186)
	at org.ops4j.pax.exam.junit.impl.ProbeRunner.&lt;init&gt;(ProbeRunner.java:80)
	at org.ops4j.pax.exam.junit.PaxExam.createDelegate(PaxExam.java:82)
	at org.ops4j.pax.exam.junit.PaxExam.&lt;init&gt;(PaxExam.java:73)
	at sun.reflect.NativeConstructorAccessorImpl.newInstance0(Native Method)
	at sun.reflect.NativeConstructorAccessorImpl.newInstance(NativeConstructorAccessorImpl.java:39)
	at sun.reflect.DelegatingConstructorAccessorImpl.newInstance(DelegatingConstructorAccessorImpl.java:27)
	at java.lang.reflect.Constructor.newInstance(Constructor.java:513)
	at org.junit.internal.builders.AnnotatedBuilder.buildRunner(AnnotatedBuilder.java:29)
	at org.junit.internal.builders.AnnotatedBuilder.runnerForClass(AnnotatedBuilder.java:21)
	at org.junit.runners.model.RunnerBuilder.safeRunnerForClass(RunnerBuilder.java:59)
	at org.junit.internal.builders.AllDefaultPossibilitiesBuilder.runnerForClass(AllDefaultPossibilitiesBuilder.java:26)
	at org.junit.runners.model.RunnerBuilder.safeRunnerForClass(RunnerBuilder.java:59)
	at org.junit.internal.requests.ClassRequest.getRunner(ClassRequest.java:26)
	at org.apache.maven.surefire.junit4.JUnit4TestSet.execute(JUnit4TestSet.java:51)
	at org.apache.maven.surefire.junit4.JUnit4Provider.executeTestSet(JUnit4Provider.java:123)
	at org.apache.maven.surefire.junit4.JUnit4Provider.invoke(JUnit4Provider.java:104)
	at sun.reflect.NativeMethodAccessorImpl.invoke0(Native Method)
	at sun.reflect.NativeMethodAccessorImpl.invoke(NativeMethodAccessorImpl.java:39)
	at sun.reflect.DelegatingMethodAccessorImpl.invoke(DelegatingMethodAccessorImpl.java:25)
	at java.lang.reflect.Method.invoke(Method.java:597)
	at org.apache.maven.surefire.util.ReflectionUtils.invokeMethodWithArray(ReflectionUtils.java:164)
	at org.apache.maven.surefire.booter.ProviderFactory$ProviderProxy.invoke(ProviderFactory.java:110)
	at org.apache.maven.surefire.booter.SurefireStarter.invokeProvider(SurefireStarter.java:175)
	at org.apache.maven.surefire.booter.SurefireStarter.runSuitesInProcessWhenForked(SurefireStarter.java:107)
	at org.apache.maven.surefire.booter.ForkedBooter.main(ForkedBooter.java:68)
Caused by: groovy.lang.MissingPropertyException: No such property: path for class: org.wiperdog.test.TestQuartzJob
	at org.codehaus.groovy.runtime.ScriptBytecodeAdapter.unwrap(ScriptBytecodeAdapter.java:50)
	at org.codehaus.groovy.runtime.callsite.GetEffectivePogoPropertySite.getProperty(GetEffectivePogoPropertySite.java:86)
	at org.codehaus.groovy.runtime.callsite.AbstractCallSite.callGroovyObjectGetProperty(AbstractCallSite.java:231)
	at org.wiperdog.test.TestQuartzJob.config(TestQuartzJob.groovy:52)
	... 31 more
</error>
    <system-out>17:51:30.067 [main] INFO  o.o.pax.exam.spi.DefaultExamSystem - Pax Exam System (Version: 3.4.0) created.
17:51:30.128 [main] DEBUG o.ops4j.store.intern.TemporaryStore - Storage Area is /tmp/1399373490097-0
17:51:30.164 [main] INFO  o.o.pax.exam.junit.impl.ProbeRunner - creating PaxExam runner for class org.wiperdog.test.TestQuartzJob
17:51:30.476 [main] DEBUG o.ops4j.pax.exam.spi.PaxExamRuntime - Found TestContainerFactory: org.ops4j.pax.exam.nat.internal.NativeTestContainerFactory
</system-out>
    <system-err>SLF4J: Class path contains multiple SLF4J bindings.
SLF4J: Found binding in [jar:file:/home/nghia/.m2/repository/ch/qos/logback/logback-classic/0.9.20/logback-classic-0.9.20.jar!/org/slf4j/impl/StaticLoggerBinder.class]
SLF4J: Found binding in [jar:file:/home/nghia/.m2/repository/org/sonatype/gossip/gossip/1.3/gossip-1.3.jar!/org/slf4j/impl/StaticLoggerBinder.class]
SLF4J: Found binding in [jar:file:/home/nghia/.m2/repository/org/slf4j/slf4j-jcl/1.6.2/slf4j-jcl-1.6.2.jar!/org/slf4j/impl/StaticLoggerBinder.class]
SLF4J: Found binding in [jar:file:/home/nghia/.m2/repository/org/slf4j/slf4j-log4j12/1.6.2/slf4j-log4j12-1.6.2.jar!/org/slf4j/impl/StaticLoggerBinder.class]
SLF4J: See http://www.slf4j.org/codes.html#multiple_bindings for an explanation.
</system-err>
  </testcase>
</testsuite>